2020-01-18 02:24:21,064 WARN [http-nio-8080-exec-6] o.s.w.s.m.m.a.ExceptionHandlerExceptionResolver [AbstractHandlerExceptionResolver.java:197] Resolved [java.lang.NullPointerException]
2020-01-18 02:28:33,050 WARN [RMI TCP Connection(1)-192.168.1.123] o.s.b.a.e.ElasticsearchHealthIndicator [AbstractHealthIndicator.java:89] Elasticsearch health check failed
org.elasticsearch.ElasticsearchTimeoutException: java.util.concurrent.TimeoutException: Timeout waiting for task.
	at org.elasticsearch.common.util.concurrent.FutureUtils.get(FutureUtils.java:72)
	at org.elasticsearch.action.support.AdapterActionFuture.actionGet(AdapterActionFuture.java:54)
	at org.elasticsearch.action.support.AdapterActionFuture.actionGet(AdapterActionFuture.java:44)
	at org.springframework.boot.actuate.elasticsearch.ElasticsearchHealthIndicator.doHealthCheck(ElasticsearchHealthIndicator.java:80)
	at org.springframework.boot.actuate.health.AbstractHealthIndicator.health(AbstractHealthIndicator.java:84)
	at org.springframework.boot.actuate.health.CompositeHealthIndicator.health(CompositeHealthIndicator.java:98)
	at org.springframework.boot.actuate.health.HealthEndpoint.health(HealthEndpoint.java:50)
	at sun.reflect.NativeMethodAccessorImpl.invoke0(Native Method)
	at sun.reflect.NativeMethodAccessorImpl.invoke(NativeMethodAccessorImpl.java:62)
	at sun.reflect.DelegatingMethodAccessorImpl.invoke(DelegatingMethodAccessorImpl.java:43)
	at java.lang.reflect.Method.invoke(Method.java:498)
	at org.springframework.util.ReflectionUtils.invokeMethod(ReflectionUtils.java:246)
	at org.springframework.boot.actuate.endpoint.invoke.reflect.ReflectiveOperationInvoker.invoke(ReflectiveOperationInvoker.java:76)
	at org.springframework.boot.actuate.endpoint.annotation.AbstractDiscoveredOperation.invoke(AbstractDiscoveredOperation.java:61)
	at org.springframework.boot.actuate.endpoint.jmx.EndpointMBean.invoke(EndpointMBean.java:126)
	at org.springframework.boot.actuate.endpoint.jmx.EndpointMBean.invoke(EndpointMBean.java:99)
	at com.sun.jmx.interceptor.DefaultMBeanServerInterceptor.invoke(DefaultMBeanServerInterceptor.java:819)
	at com.sun.jmx.mbeanserver.JmxMBeanServer.invoke(JmxMBeanServer.java:801)
	at javax.management.remote.rmi.RMIConnectionImpl.doOperation(RMIConnectionImpl.java:1468)
	at javax.management.remote.rmi.RMIConnectionImpl.access$300(RMIConnectionImpl.java:76)
	at javax.management.remote.rmi.RMIConnectionImpl$PrivilegedOperation.run(RMIConnectionImpl.java:1309)
	at javax.management.remote.rmi.RMIConnectionImpl.doPrivilegedOperation(RMIConnectionImpl.java:1401)
	at javax.management.remote.rmi.RMIConnectionImpl.invoke(RMIConnectionImpl.java:829)
	at sun.reflect.NativeMethodAccessorImpl.invoke0(Native Method)
	at sun.reflect.NativeMethodAccessorImpl.invoke(NativeMethodAccessorImpl.java:62)
	at sun.reflect.DelegatingMethodAccessorImpl.invoke(DelegatingMethodAccessorImpl.java:43)
	at java.lang.reflect.Method.invoke(Method.java:498)
	at sun.rmi.server.UnicastServerRef.dispatch(UnicastServerRef.java:357)
	at sun.rmi.transport.Transport$1.run(Transport.java:200)
	at sun.rmi.transport.Transport$1.run(Transport.java:197)
	at java.security.AccessController.doPrivileged(Native Method)
	at sun.rmi.transport.Transport.serviceCall(Transport.java:196)
	at sun.rmi.transport.tcp.TCPTransport.handleMessages(TCPTransport.java:573)
	at sun.rmi.transport.tcp.TCPTransport$ConnectionHandler.run0(TCPTransport.java:834)
	at sun.rmi.transport.tcp.TCPTransport$ConnectionHandler.lambda$run$0(TCPTransport.java:688)
	at java.security.AccessController.doPrivileged(Native Method)
	at sun.rmi.transport.tcp.TCPTransport$ConnectionHandler.run(TCPTransport.java:687)
	at java.util.concurrent.ThreadPoolExecutor.runWorker(ThreadPoolExecutor.java:1149)
	at java.util.concurrent.ThreadPoolExecutor$Worker.run(ThreadPoolExecutor.java:624)
	at java.lang.Thread.run(Thread.java:748)
Caused by: java.util.concurrent.TimeoutException: Timeout waiting for task.
	at org.elasticsearch.common.util.concurrent.BaseFuture$Sync.get(BaseFuture.java:235)
	at org.elasticsearch.common.util.concurrent.BaseFuture.get(BaseFuture.java:69)
	at org.elasticsearch.common.util.concurrent.FutureUtils.get(FutureUtils.java:70)
	... 39 common frames omitted
2020-01-18 02:29:59,366 WARN [http-nio-8080-exec-6] o.s.w.s.m.m.a.ExceptionHandlerExceptionResolver [AbstractHandlerExceptionResolver.java:197] Resolved [java.lang.NullPointerException]
2020-01-18 02:51:39,592 WARN [http-nio-8080-exec-7] o.s.w.s.m.m.a.ExceptionHandlerExceptionResolver [AbstractHandlerExceptionResolver.java:197] Resolved [java.lang.NullPointerException]
